Building DAG of jobs...
Using shell: /usr/bin/bash
Provided cores: 1 (use --cores to define parallelism)
Rules claiming more threads will be scaled down.
Job stats:
job                      count    min threads    max threads
---------------------  -------  -------------  -------------
final_features_report        1              1              1
select_features              1              1              1
total                        2              1              1

Select jobs to execute...

[Mon Nov 29 16:54:34 2021]
checkpoint select_features:
    input: test/features_0.txt
    output: test/features_1.txt
    jobid: 1
    wildcards: run_n=1
    resources: tmpdir=/tmp
Downstream jobs will be updated after completion.

[Mon Nov 29 16:54:34 2021]
Finished job 1.
1 of 2 steps (50%) done
Updating job final_features_report.
Select jobs to execute...

[Mon Nov 29 16:54:34 2021]
checkpoint select_features:
    input: test/features_1.txt
    output: test/features_2.txt
    jobid: 3
    wildcards: run_n=2
    resources: tmpdir=/tmp
Downstream jobs will be updated after completion.

[Mon Nov 29 16:54:34 2021]
Finished job 3.
2 of 3 steps (67%) done
Updating job final_features_report.
Select jobs to execute...

[Mon Nov 29 16:54:34 2021]
checkpoint select_features:
    input: test/features_2.txt
    output: test/features_3.txt
    jobid: 5
    wildcards: run_n=3
    resources: tmpdir=/tmp
Downstream jobs will be updated after completion.

[Mon Nov 29 16:54:34 2021]
Finished job 5.
3 of 4 steps (75%) done
Updating job final_features_report.
Select jobs to execute...

[Mon Nov 29 16:54:34 2021]
checkpoint select_features:
    input: test/features_3.txt
    output: test/features_4.txt
    jobid: 7
    wildcards: run_n=4
    resources: tmpdir=/tmp
Downstream jobs will be updated after completion.

[Mon Nov 29 16:54:34 2021]
Finished job 7.
4 of 5 steps (80%) done
Updating job final_features_report.
Select jobs to execute...

[Mon Nov 29 16:54:34 2021]
checkpoint select_features:
    input: test/features_4.txt
    output: test/features_5.txt
    jobid: 9
    wildcards: run_n=5
    resources: tmpdir=/tmp
Downstream jobs will be updated after completion.

[Mon Nov 29 16:54:35 2021]
Finished job 9.
5 of 6 steps (83%) done
Updating job final_features_report.
Select jobs to execute...

[Mon Nov 29 16:54:35 2021]
checkpoint select_features:
    input: test/features_5.txt
    output: test/features_6.txt
    jobid: 11
    wildcards: run_n=6
    resources: tmpdir=/tmp
Downstream jobs will be updated after completion.

[Mon Nov 29 16:54:35 2021]
Finished job 11.
6 of 7 steps (86%) done
Updating job final_features_report.
Select jobs to execute...

[Mon Nov 29 16:54:35 2021]
checkpoint select_features:
    input: test/features_6.txt
    output: test/features_7.txt
    jobid: 13
    wildcards: run_n=7
    resources: tmpdir=/tmp
Downstream jobs will be updated after completion.

[Mon Nov 29 16:54:35 2021]
Finished job 13.
7 of 8 steps (88%) done
Updating job final_features_report.
Select jobs to execute...

[Mon Nov 29 16:54:35 2021]
checkpoint select_features:
    input: test/features_7.txt
    output: test/features_8.txt
    jobid: 15
    wildcards: run_n=8
    resources: tmpdir=/tmp
Downstream jobs will be updated after completion.

[Mon Nov 29 16:54:35 2021]
Finished job 15.
8 of 9 steps (89%) done
Updating job final_features_report.
Select jobs to execute...

[Mon Nov 29 16:54:35 2021]
checkpoint select_features:
    input: test/features_8.txt
    output: test/features_9.txt
    jobid: 17
    wildcards: run_n=9
    resources: tmpdir=/tmp
Downstream jobs will be updated after completion.

[Mon Nov 29 16:54:35 2021]
Finished job 17.
9 of 10 steps (90%) done
Updating job final_features_report.
Select jobs to execute...

[Mon Nov 29 16:54:35 2021]
checkpoint select_features:
    input: test/features_9.txt
    output: test/features_10.txt
    jobid: 19
    wildcards: run_n=10
    resources: tmpdir=/tmp
Downstream jobs will be updated after completion.

[Mon Nov 29 16:54:35 2021]
Finished job 19.
10 of 11 steps (91%) done
Updating job final_features_report.
Select jobs to execute...

[Mon Nov 29 16:54:35 2021]
rule final_features_report:
    input: test/features_10.txt
    output: test/final_features.txt
    jobid: 0
    resources: tmpdir=/tmp

[Mon Nov 29 16:54:35 2021]
Finished job 0.
11 of 11 steps (100%) done
Complete log: /data/xu_data/recurisive/.snakemake/log/2021-11-29T165433.727282.snakemake.log
