Building DAG of jobs...
Using shell: /usr/bin/bash
Provided cores: 1 (use --cores to define parallelism)
Rules claiming more threads will be scaled down.
Job stats:
job                      count    min threads    max threads
---------------------  -------  -------------  -------------
final_features_report        1              1              1
select_features              1              1              1
total                        2              1              1

Select jobs to execute...

[Tue Nov 30 10:04:23 2021]
checkpoint select_features:
    input: test/features_0.txt
    output: test/features_1.txt
    jobid: 1
    wildcards: test=test, run_n=1
    resources: tmpdir=/tmp
Downstream jobs will be updated after completion.

[Tue Nov 30 10:04:23 2021]
Finished job 1.
1 of 2 steps (50%) done
Updating job final_features_report.
InputFunctionException in line 29 of /data/xu_data/recurisive/Snakefile:
Error:
  NameError: name 'i_run_n' is not defined
Wildcards:
  test=test
Traceback:
  File "/data/xu_data/recurisive/Snakefile", line 23, in check_if_final_features
